{
  "Cucumber Features": {
    "coverage": {
      "/home/ubuntu/HW3/app/controllers/application_controller.rb": [
        1,
        1,
        null
      ],
      "/home/ubuntu/HW3/app/helpers/application_helper.rb": [
        1,
        null
      ],
      "/home/ubuntu/HW3/app/helpers/movies_helper.rb": [
        1,
        null,
        null,
        null,
        null,
        null
      ],
      "/home/ubuntu/HW3/app/controllers/movies_controller.rb": [
        1,
        null,
        1,
        8,
        8,
        null,
        null,
        null,
        1,
        23,
        23,
        null,
        4,
        null,
        2,
        null,
        null,
        23,
        23,
        null,
        23,
        85,
        null,
        null,
        23,
        3,
        3,
        3,
        3,
        null,
        20,
        null,
        null,
        1,
        null,
        null,
        null,
        1,
        3,
        3,
        3,
        null,
        null,
        1,
        2,
        null,
        null,
        1,
        2,
        2,
        2,
        2,
        null,
        null,
        1,
        2,
        2,
        2,
        1,
        1,
        null,
        null,
        null,
        1,
        0,
        0,
        0,
        0,
        null,
        null,
        null
      ],
      "/home/ubuntu/HW3/app/models/movie.rb": [
        1,
        1,
        25,
        null,
        null,
        null,
        null,
        null
      ]
    },
    "timestamp": 1364617215
  },
  "RSpec": {
    "coverage": {
      "/home/ubuntu/HW3/app/controllers/application_controller.rb": [
        1,
        1,
        null
      ],
      "/home/ubuntu/HW3/app/helpers/application_helper.rb": [
        1,
        null
      ],
      "/home/ubuntu/HW3/app/helpers/movies_helper.rb": [
        1,
        null,
        null,
        null,
        null,
        null
      ],
      "/home/ubuntu/HW3/app/controllers/movies_controller.rb": [
        1,
        null,
        1,
        0,
        0,
        null,
        null,
        null,
        1,
        3,
        3,
        null,
        0,
        null,
        0,
        null,
        null,
        3,
        3,
        null,
        3,
        15,
        null,
        null,
        3,
        0,
        0,
        0,
        0,
        null,
        3,
        null,
        null,
        1,
        null,
        null,
        null,
        1,
        2,
        2,
        2,
        null,
        null,
        1,
        1,
        null,
        null,
        1,
        4,
        4,
        4,
        4,
        null,
        null,
        1,
        4,
        4,
        4,
        1,
        1,
        null,
        null,
        null,
        1,
        1,
        1,
        1,
        1,
        null,
        null,
        null
      ],
      "/home/ubuntu/HW3/app/models/movie.rb": [
        1,
        1,
        4,
        null,
        null,
        null,
        null,
        null
      ]
    },
    "timestamp": 1364617525
  }
}
